<?xml version="1.0" encoding="UTF-8"?>
<testsuite xmlns:xsi="http://www.w3.org/2001/XMLSchema-instance" xsi:noNamespaceSchemaLocation="https://maven.apache.org/surefire/maven-surefire-plugin/xsd/surefire-test-report.xsd" version="3.0.2" name="net.yorksolutions.tsg.feedbackapi.services.FeedbackServiceTests" time="0.354" tests="7" errors="0" skipped="0" failures="0">
  <properties>
[...]
</properties>
  <testcase name="getAllFeedbackByMemberId_returnFeedbackEntities_givenMemberId" classname="Tests for Feedback (Service Layer)" time="0.329"/>
  <testcase name="mapRequestToEntity_returnFeedbackEntity_givenValidRequest" classname="Tests for Feedback (Service Layer)" time="0.004"/>
  <testcase name="createNewFeedbackEntry_returnFeedbackEntity_onRepoSave" classname="Tests for Feedback (Service Layer)" time="0.004"/>
  <testcase name="getFeedbackById_returnNull_givenUniqueId" classname="Tests for Feedback (Service Layer)" time="0.002"/>
  <testcase name="getAllFeedbackByMemberId_returnEmptyArrayList_givenMemberId" classname="Tests for Feedback (Service Layer)" time="0.002"/>
  <testcase name="getFeedbackById_returnFeedbackEntity_givenUniqueId" classname="Tests for Feedback (Service Layer)" time="0.003"/>
  <testcase name="mapEntityToResponse_returnFeedbackResponse_onValidRun" classname="Tests for Feedback (Service Layer)" time="0.002"/>
</testsuite>